/home/ubuntu/miniconda2/envs/theano/lib/python2.7/site-packages/matplotlib/__init__.py:1312: UserWarning:  This call to matplotlib.use() has no effect
because the backend has already been chosen;
matplotlib.use() must be called *before* pylab, matplotlib.pyplot,
or matplotlib.backends is imported for the first time.

  warnings.warn(_use_error_msg)
Using gpu device 0: GRID K520 (CNMeM is disabled, cuDNN Version is too old. Update to v5, was 3007.)
/home/ubuntu/miniconda2/envs/theano/lib/python2.7/site-packages/theano/tensor/signal/downsample.py:6: UserWarning: downsample module has been moved to the theano.tensor.signal.pool module.
  "downsample module has been moved to the theano.tensor.signal.pool module.")
loading parameters...
... loading params
creating vgg19...
Test model compiled...
Validate model compiled...
Train model compiled...
('batch_size:', 16)
('n_epochs:', 1000)
('verbose:', True)
('n_total_batches:', 52)
('n_train_batches:', 31)
('n_test_batches:', 10)
('n_valid_batches:', 11)
INFO:/home/ubuntu/code/artistic-styles/src/archiver.pyc:cleaning directory: /home/ubuntu/code/artistic-styles/src/data/current
INFO:/home/ubuntu/code/artistic-styles/src/archiver.pyc:creating directory: /home/ubuntu/code/artistic-styles/src/data/current
('training @ iter = ', 0)
epoch 1, minibatch 31/31, validation error 91.477273 %
     epoch 1, minibatch 31/31, test error of best model 90.000000 %
epoch 2, minibatch 31/31, validation error 90.340909 %
     epoch 2, minibatch 31/31, test error of best model 90.625000 %
epoch 3, minibatch 31/31, validation error 89.204545 %
     epoch 3, minibatch 31/31, test error of best model 91.250000 %
('training @ iter = ', 100)
epoch 4, minibatch 31/31, validation error 93.181818 %
epoch 5, minibatch 31/31, validation error 93.750000 %
epoch 6, minibatch 31/31, validation error 93.181818 %
('training @ iter = ', 200)
epoch 7, minibatch 31/31, validation error 92.613636 %
epoch 8, minibatch 31/31, validation error 89.204545 %
epoch 9, minibatch 31/31, validation error 90.340909 %
('training @ iter = ', 300)
epoch 10, minibatch 31/31, validation error 92.045455 %
epoch 11, minibatch 31/31, validation error 89.772727 %
epoch 12, minibatch 31/31, validation error 89.772727 %
('training @ iter = ', 400)
epoch 13, minibatch 31/31, validation error 88.068182 %
     epoch 13, minibatch 31/31, test error of best model 91.875000 %
epoch 14, minibatch 31/31, validation error 90.909091 %
epoch 15, minibatch 31/31, validation error 91.477273 %
epoch 16, minibatch 31/31, validation error 88.068182 %
('training @ iter = ', 500)
epoch 17, minibatch 31/31, validation error 92.045455 %
epoch 18, minibatch 31/31, validation error 91.477273 %
epoch 19, minibatch 31/31, validation error 86.363636 %
     epoch 19, minibatch 31/31, test error of best model 91.875000 %
('training @ iter = ', 600)
epoch 20, minibatch 31/31, validation error 92.045455 %
epoch 21, minibatch 31/31, validation error 87.500000 %
epoch 22, minibatch 31/31, validation error 92.045455 %
('training @ iter = ', 700)
epoch 23, minibatch 31/31, validation error 86.931818 %
epoch 24, minibatch 31/31, validation error 92.045455 %
epoch 25, minibatch 31/31, validation error 91.477273 %
('training @ iter = ', 800)
epoch 26, minibatch 31/31, validation error 90.909091 %
epoch 27, minibatch 31/31, validation error 91.477273 %
epoch 28, minibatch 31/31, validation error 89.772727 %
epoch 29, minibatch 31/31, validation error 90.909091 %
('training @ iter = ', 900)
epoch 30, minibatch 31/31, validation error 92.613636 %
epoch 31, minibatch 31/31, validation error 86.363636 %
epoch 32, minibatch 31/31, validation error 90.909091 %
('training @ iter = ', 1000)
epoch 33, minibatch 31/31, validation error 90.340909 %
epoch 34, minibatch 31/31, validation error 89.204545 %
epoch 35, minibatch 31/31, validation error 88.068182 %
('training @ iter = ', 1100)
epoch 36, minibatch 31/31, validation error 90.909091 %
epoch 37, minibatch 31/31, validation error 89.204545 %
epoch 38, minibatch 31/31, validation error 91.477273 %
('training @ iter = ', 1200)
epoch 39, minibatch 31/31, validation error 86.931818 %
epoch 40, minibatch 31/31, validation error 88.636364 %
epoch 41, minibatch 31/31, validation error 90.340909 %
('training @ iter = ', 1300)
epoch 42, minibatch 31/31, validation error 88.636364 %
epoch 43, minibatch 31/31, validation error 93.181818 %
epoch 44, minibatch 31/31, validation error 88.636364 %
epoch 45, minibatch 31/31, validation error 90.909091 %
('training @ iter = ', 1400)
epoch 46, minibatch 31/31, validation error 87.500000 %
epoch 47, minibatch 31/31, validation error 87.500000 %
epoch 48, minibatch 31/31, validation error 90.909091 %
('training @ iter = ', 1500)
epoch 49, minibatch 31/31, validation error 90.340909 %
epoch 50, minibatch 31/31, validation error 89.772727 %
epoch 51, minibatch 31/31, validation error 88.068182 %
('training @ iter = ', 1600)
epoch 52, minibatch 31/31, validation error 92.045455 %
epoch 53, minibatch 31/31, validation error 89.204545 %
epoch 54, minibatch 31/31, validation error 90.340909 %
('training @ iter = ', 1700)
epoch 55, minibatch 31/31, validation error 86.363636 %
epoch 56, minibatch 31/31, validation error 90.340909 %
epoch 57, minibatch 31/31, validation error 90.909091 %
epoch 58, minibatch 31/31, validation error 89.772727 %
('training @ iter = ', 1800)
epoch 59, minibatch 31/31, validation error 90.340909 %
epoch 60, minibatch 31/31, validation error 93.181818 %
epoch 61, minibatch 31/31, validation error 89.772727 %
('training @ iter = ', 1900)
epoch 62, minibatch 31/31, validation error 89.204545 %
epoch 63, minibatch 31/31, validation error 93.750000 %
epoch 64, minibatch 31/31, validation error 90.340909 %
('training @ iter = ', 2000)
epoch 65, minibatch 31/31, validation error 90.909091 %
epoch 66, minibatch 31/31, validation error 90.909091 %
epoch 67, minibatch 31/31, validation error 90.909091 %
('training @ iter = ', 2100)
epoch 68, minibatch 31/31, validation error 90.909091 %
epoch 69, minibatch 31/31, validation error 89.204545 %
epoch 70, minibatch 31/31, validation error 90.340909 %
('training @ iter = ', 2200)
epoch 71, minibatch 31/31, validation error 91.477273 %
epoch 72, minibatch 31/31, validation error 92.045455 %
epoch 73, minibatch 31/31, validation error 92.045455 %
epoch 74, minibatch 31/31, validation error 89.772727 %
('training @ iter = ', 2300)
epoch 75, minibatch 31/31, validation error 88.636364 %
epoch 76, minibatch 31/31, validation error 88.636364 %
epoch 77, minibatch 31/31, validation error 91.477273 %
('training @ iter = ', 2400)
epoch 78, minibatch 31/31, validation error 92.045455 %
epoch 79, minibatch 31/31, validation error 91.477273 %
epoch 80, minibatch 31/31, validation error 88.068182 %
('training @ iter = ', 2500)
epoch 81, minibatch 31/31, validation error 85.795455 %
     epoch 81, minibatch 31/31, test error of best model 88.125000 %
epoch 82, minibatch 31/31, validation error 88.068182 %
epoch 83, minibatch 31/31, validation error 86.363636 %
('training @ iter = ', 2600)
epoch 84, minibatch 31/31, validation error 89.772727 %
epoch 85, minibatch 31/31, validation error 92.045455 %
epoch 86, minibatch 31/31, validation error 89.204545 %
epoch 87, minibatch 31/31, validation error 90.909091 %
('training @ iter = ', 2700)
epoch 88, minibatch 31/31, validation error 88.068182 %
epoch 89, minibatch 31/31, validation error 89.772727 %
epoch 90, minibatch 31/31, validation error 90.340909 %
('training @ iter = ', 2800)
epoch 91, minibatch 31/31, validation error 89.772727 %
epoch 92, minibatch 31/31, validation error 90.340909 %
epoch 93, minibatch 31/31, validation error 90.909091 %
('training @ iter = ', 2900)
epoch 94, minibatch 31/31, validation error 90.340909 %
epoch 95, minibatch 31/31, validation error 89.772727 %
epoch 96, minibatch 31/31, validation error 90.909091 %
('training @ iter = ', 3000)
epoch 97, minibatch 31/31, validation error 92.045455 %
epoch 98, minibatch 31/31, validation error 90.909091 %
epoch 99, minibatch 31/31, validation error 87.500000 %
epoch 100, minibatch 31/31, validation error 89.772727 %
('training @ iter = ', 3100)
epoch 101, minibatch 31/31, validation error 88.636364 %
epoch 102, minibatch 31/31, validation error 90.909091 %
epoch 103, minibatch 31/31, validation error 88.068182 %
('training @ iter = ', 3200)
epoch 104, minibatch 31/31, validation error 90.340909 %
epoch 105, minibatch 31/31, validation error 88.636364 %
epoch 106, minibatch 31/31, validation error 91.477273 %
('training @ iter = ', 3300)
epoch 107, minibatch 31/31, validation error 88.068182 %
epoch 108, minibatch 31/31, validation error 88.636364 %
epoch 109, minibatch 31/31, validation error 89.772727 %
('training @ iter = ', 3400)
epoch 110, minibatch 31/31, validation error 90.909091 %
Traceback (most recent call last):
  File "train_vgg19_randomweights.py", line 79, in <module>
    cost_ij = v.train_model(x,y)
  File "/home/ubuntu/miniconda2/envs/theano/lib/python2.7/site-packages/theano/compile/function_module.py", line 866, in __call__
    self.fn() if output_subset is None else\
KeyboardInterrupt
